  Assessment2.cpp
C:\Users\maxbu\OneDrive - University of Lincoln\Documents\Computer Science\Applied Programming Paradigms\Assessment2\Assessment2\Savings.h(7,24): warning C4584: 'Savings': base-class 'InterestEarning' is already a base-class of 'Account'
C:\Users\maxbu\OneDrive - University of Lincoln\Documents\Computer Science\Applied Programming Paradigms\Assessment2\Assessment2\Assessment2.cpp(117,21): warning C4244: 'argument': conversion from 'double' to 'int', possible loss of data
C:\Users\maxbu\OneDrive - University of Lincoln\Documents\Computer Science\Applied Programming Paradigms\Assessment2\Assessment2\Assessment2.cpp(134,26): warning C4244: 'argument': conversion from 'double' to 'int', possible loss of data
C:\Users\maxbu\OneDrive - University of Lincoln\Documents\Computer Science\Applied Programming Paradigms\Assessment2\Assessment2\Assessment2.cpp(144,17): warning C4244: 'argument': conversion from 'double' to 'int', possible loss of data
C:\Users\maxbu\OneDrive - University of Lincoln\Documents\Computer Science\Applied Programming Paradigms\Assessment2\Assessment2\Assessment2.cpp(253,36): warning C4305: 'argument': truncation from 'double' to 'float'
C:\Users\maxbu\OneDrive - University of Lincoln\Documents\Computer Science\Applied Programming Paradigms\Assessment2\Assessment2\Assessment2.cpp(271,25): warning C4305: 'argument': truncation from 'double' to 'float'
C:\Users\maxbu\OneDrive - University of Lincoln\Documents\Computer Science\Applied Programming Paradigms\Assessment2\Assessment2\Assessment2.cpp(272,20): warning C4244: 'argument': conversion from 'float' to 'int', possible loss of data
C:\Users\maxbu\OneDrive - University of Lincoln\Documents\Computer Science\Applied Programming Paradigms\Assessment2\Assessment2\Assessment2.cpp(327,24): warning C4244: 'argument': conversion from 'double' to 'int', possible loss of data
C:\Users\maxbu\OneDrive - University of Lincoln\Documents\Computer Science\Applied Programming Paradigms\Assessment2\Assessment2\Assessment2.cpp(356,30): warning C4244: 'argument': conversion from 'double' to 'int', possible loss of data
C:\Users\maxbu\OneDrive - University of Lincoln\Documents\Computer Science\Applied Programming Paradigms\Assessment2\Assessment2\Assessment2.cpp(378,20): warning C4244: 'argument': conversion from 'double' to 'int', possible loss of data
C:\Users\maxbu\OneDrive - University of Lincoln\Documents\Computer Science\Applied Programming Paradigms\Assessment2\Assessment2\Assessment2.cpp(416,23): warning C4244: 'argument': conversion from 'double' to 'int', possible loss of data
C:\Users\maxbu\OneDrive - University of Lincoln\Documents\Computer Science\Applied Programming Paradigms\Assessment2\Assessment2\Assessment2.cpp(445,29): warning C4244: 'argument': conversion from 'double' to 'int', possible loss of data
C:\Users\maxbu\OneDrive - University of Lincoln\Documents\Computer Science\Applied Programming Paradigms\Assessment2\Assessment2\Assessment2.cpp(467,19): warning C4244: 'argument': conversion from 'double' to 'int', possible loss of data
C:\Users\maxbu\OneDrive - University of Lincoln\Documents\Computer Science\Applied Programming Paradigms\Assessment2\Assessment2\Assessment2.cpp(507,24): warning C4244: 'argument': conversion from 'double' to 'int', possible loss of data
C:\Users\maxbu\OneDrive - University of Lincoln\Documents\Computer Science\Applied Programming Paradigms\Assessment2\Assessment2\Assessment2.cpp(540,31): warning C4244: 'argument': conversion from 'double' to 'int', possible loss of data
C:\Users\maxbu\OneDrive - University of Lincoln\Documents\Computer Science\Applied Programming Paradigms\Assessment2\Assessment2\Assessment2.cpp(565,20): warning C4244: 'argument': conversion from 'double' to 'int', possible loss of data
C:\Users\maxbu\OneDrive - University of Lincoln\Documents\Computer Science\Applied Programming Paradigms\Assessment2\Assessment2\Assessment2.cpp(610,92): warning C4305: 'argument': truncation from 'double' to 'float'
C:\Users\maxbu\OneDrive - University of Lincoln\Documents\Computer Science\Applied Programming Paradigms\Assessment2\Assessment2\Assessment2.cpp(617,66): warning C4305: 'argument': truncation from 'double' to 'float'
  Assessment2.vcxproj -> C:\Users\maxbu\OneDrive - University of Lincoln\Documents\Computer Science\Applied Programming Paradigms\Assessment2\x64\Debug\Assessment2.exe
